 * Serving Flask app 'flaskServer'
 * Debug mode: on
2026-03-29 13:33:46,572:INFO:[31m[1mWARNING: This is a development server. Do not use it in a production deployment. Use a production WSGI server instead.[0m
 * Running on all addresses (0.0.0.0)
 * Running on http://127.0.0.1:5000
 * Running on http://10.8.0.2:5000
2026-03-29 13:33:46,572:INFO:[33mPress CTRL+C to quit[0m
2026-03-29 13:33:46,573:INFO: * Restarting with stat
2026-03-29 13:33:47,278:WARNING: * Debugger is active!
2026-03-29 13:33:47,281:INFO: * Debugger PIN: 523-296-330
2026-03-29 13:34:08,756:INFO:patching driver executable /home/ubuntu/.local/share/undetected_chromedriver/undetected_chromedriver
2026-03-29 13:34:09,443:INFO:121.161.248.117 - - [29/Mar/2026 13:34:09] "[35m[1mPOST /sync/out HTTP/1.1[0m" 500 -
Traceback (most recent call last):
  File "/home/ubuntu/app/scraping/venv/lib/python3.12/site-packages/flask/app.py", line 1498, in __call__
    return self.wsgi_app(environ, start_response)
           ^^^^^^^^^^^^^^^^^^^^^^^^^^^^^^^^^^^^^^
  File "/home/ubuntu/app/scraping/venv/lib/python3.12/site-packages/flask/app.py", line 1476, in wsgi_app
    response = self.handle_exception(e)
               ^^^^^^^^^^^^^^^^^^^^^^^^
  File "/home/ubuntu/app/scraping/venv/lib/python3.12/site-packages/flask_restx/api.py", line 671, in error_router
    return original_handler(f)
           ^^^^^^^^^^^^^^^^^^^
  File "/home/ubuntu/app/scraping/venv/lib/python3.12/site-packages/flask_restx/api.py", line 669, in error_router
    return self.handle_error(e)
           ^^^^^^^^^^^^^^^^^^^^
  File "/home/ubuntu/app/scraping/venv/lib/python3.12/site-packages/flask/app.py", line 1473, in wsgi_app
    response = self.full_dispatch_request()
               ^^^^^^^^^^^^^^^^^^^^^^^^^^^^
  File "/home/ubuntu/app/scraping/venv/lib/python3.12/site-packages/flask/app.py", line 882, in full_dispatch_request
    rv = self.handle_user_exception(e)
         ^^^^^^^^^^^^^^^^^^^^^^^^^^^^^
  File "/home/ubuntu/app/scraping/venv/lib/python3.12/site-packages/flask_restx/api.py", line 671, in error_router
    return original_handler(f)
           ^^^^^^^^^^^^^^^^^^^
  File "/home/ubuntu/app/scraping/venv/lib/python3.12/site-packages/flask_restx/api.py", line 669, in error_router
    return self.handle_error(e)
           ^^^^^^^^^^^^^^^^^^^^
  File "/home/ubuntu/app/scraping/venv/lib/python3.12/site-packages/flask/app.py", line 880, in full_dispatch_request
    rv = self.dispatch_request()
         ^^^^^^^^^^^^^^^^^^^^^^^
  File "/home/ubuntu/app/scraping/venv/lib/python3.12/site-packages/flask/app.py", line 865, in dispatch_request
    return self.ensure_sync(self.view_functions[rule.endpoint])(**view_args)  # type: ignore[no-any-return]
           ^^^^^^^^^^^^^^^^^^^^^^^^^^^^^^^^^^^^^^^^^^^^^^^^^^^^^^^^^^^^^^^^^^^^^^^^^^^^^^^^^^^^^^^^^^^^^^^^
  File "/home/ubuntu/app/scraping/venv/lib/python3.12/site-packages/flask_restx/api.py", line 402, in wrapper
    resp = resource(*args, **kwargs)
           ^^^^^^^^^^^^^^^^^^^^^^^^^
  File "/home/ubuntu/app/scraping/venv/lib/python3.12/site-packages/flask/views.py", line 110, in view
    return current_app.ensure_sync(self.dispatch_request)(**kwargs)  # type: ignore[no-any-return]
           ^^^^^^^^^^^^^^^^^^^^^^^^^^^^^^^^^^^^^^^^^^^^^^^^^^^^^^^^^^^^^^^^^^^^^^^^^^^^^^^^^^^^^^^
  File "/home/ubuntu/app/scraping/venv/lib/python3.12/site-packages/flask_restx/resource.py", line 41, in dispatch_request
    resp = meth(*args, **kwargs)
           ^^^^^^^^^^^^^^^^^^^^^
  File "/home/ubuntu/app/scraping/flaskServer.py", line 209, in post
    driver = chromeDriver.ChromeDriver()
             ^^^^^^^^^^^^^^^^^^^^^^^^^^^
  File "/home/ubuntu/app/scraping/chromeDriver.py", line 23, in __init__
    self.driver = self.getDriver(self.options)
                  ^^^^^^^^^^^^^^^^^^^^^^^^^^^^
  File "/home/ubuntu/app/scraping/chromeDriver.py", line 53, in getDriver
    driver = uc.Chrome(options=options, use_subprocess=True, version_main=146)
             ^^^^^^^^^^^^^^^^^^^^^^^^^^^^^^^^^^^^^^^^^^^^^^^^^^^^^^^^^^^^^^^^^
  File "/home/ubuntu/app/scraping/venv/lib/python3.12/site-packages/undetected_chromedriver/__init__.py", line 466, in __init__
    super(Chrome, self).__init__(
  File "/home/ubuntu/app/scraping/venv/lib/python3.12/site-packages/selenium/webdriver/chrome/webdriver.py", line 45, in __init__
    super().__init__(
  File "/home/ubuntu/app/scraping/venv/lib/python3.12/site-packages/selenium/webdriver/chromium/webdriver.py", line 66, in __init__
    super().__init__(command_executor=executor, options=options)
  File "/home/ubuntu/app/scraping/venv/lib/python3.12/site-packages/selenium/webdriver/remote/webdriver.py", line 212, in __init__
    self.start_session(capabilities)
  File "/home/ubuntu/app/scraping/venv/lib/python3.12/site-packages/undetected_chromedriver/__init__.py", line 724, in start_session
    super(selenium.webdriver.chrome.webdriver.WebDriver, self).start_session(
  File "/home/ubuntu/app/scraping/venv/lib/python3.12/site-packages/selenium/webdriver/remote/webdriver.py", line 299, in start_session
    response = self.execute(Command.NEW_SESSION, caps)["value"]
               ^^^^^^^^^^^^^^^^^^^^^^^^^^^^^^^^^^^^^^^^^^^^^^^^
  File "/home/ubuntu/app/scraping/venv/lib/python3.12/site-packages/selenium/webdriver/remote/webdriver.py", line 354, in execute
    self.error_handler.check_response(response)
  File "/home/ubuntu/app/scraping/venv/lib/python3.12/site-packages/selenium/webdriver/remote/errorhandler.py", line 229, in check_response
    raise exception_class(message, screen, stacktrace)
selenium.common.exceptions.SessionNotCreatedException: Message: session not created: cannot connect to chrome at 127.0.0.1:55927
from session not created: This version of ChromeDriver only supports Chrome version 146
Current browser version is 127.0.6533.88
Stacktrace:
#0 0x58cfd4850a6a <unknown>
#1 0x58cfd425fab5 <unknown>
#2 0x58cfd42a2dff <unknown>
#3 0x58cfd42a1bc0 <unknown>
#4 0x58cfd4296bc1 <unknown>
#5 0x58cfd42e753e <unknown>
#6 0x58cfd42e6c2c <unknown>
#7 0x58cfd42a5cbf <unknown>
#8 0x58cfd42a6a81 <unknown>
#9 0x58cfd4816a64 <unknown>
#10 0x58cfd4819951 <unknown>
#11 0x58cfd480321e <unknown>
#12 0x58cfd481a51e <unknown>
#13 0x58cfd47e9be0 <unknown>
#14 0x58cfd483d9b8 <unknown>
#15 0x58cfd483db88 <unknown>
#16 0x58cfd484f4de <unknown>
#17 0x7e08d629ca94 <unknown>
#18 0x7e08d6329c3c <unknown>

